0 info it worked if it ends with ok
1 verbose cli [ '/usr/bin/node', '/usr/bin/npm', 'run', 'develop' ]
2 info using npm@3.10.10
3 info using node@v6.12.3
4 verbose run-script [ 'predevelop', 'develop', 'postdevelop' ]
5 info lifecycle voting-app@1.0.0~predevelop: voting-app@1.0.0
6 silly lifecycle voting-app@1.0.0~predevelop: no script for predevelop, continuing
7 info lifecycle voting-app@1.0.0~develop: voting-app@1.0.0
8 verbose lifecycle voting-app@1.0.0~develop: unsafe-perm in lifecycle true
9 verbose lifecycle voting-app@1.0.0~develop: PATH: /usr/lib/node_modules/npm/bin/node-gyp-bin:/home/erdem/Documents/Web development/freeCodeCamp/back-end/dynamic-web-applications-projects/voting-app/node_modules/.bin:/home/erdem/.local/share/umake/bin:/home/erdem/bin:/home/erdem/.local/bin:/usr/local/sbin:/usr/local/bin:/usr/sbin:/usr/bin:/sbin:/bin:/usr/games:/usr/local/games:/snap/bin
10 verbose lifecycle voting-app@1.0.0~develop: CWD: /home/erdem/Documents/Web development/freeCodeCamp/back-end/dynamic-web-applications-projects/voting-app
11 silly lifecycle voting-app@1.0.0~develop: Args: [ '-c', 'gulp serve' ]
12 silly lifecycle voting-app@1.0.0~develop: Returned: code: 1  signal: null
13 info lifecycle voting-app@1.0.0~develop: Failed to exec develop script
14 verbose stack Error: voting-app@1.0.0 develop: `gulp serve`
14 verbose stack Exit status 1
14 verbose stack     at EventEmitter.<anonymous> (/usr/lib/node_modules/npm/lib/utils/lifecycle.js:255:16)
14 verbose stack     at emitTwo (events.js:106:13)
14 verbose stack     at EventEmitter.emit (events.js:191:7)
14 verbose stack     at ChildProcess.<anonymous> (/usr/lib/node_modules/npm/lib/utils/spawn.js:40:14)
14 verbose stack     at emitTwo (events.js:106:13)
14 verbose stack     at ChildProcess.emit (events.js:191:7)
14 verbose stack     at maybeClose (internal/child_process.js:920:16)
14 verbose stack     at Process.ChildProcess._handle.onexit (internal/child_process.js:230:5)
15 verbose pkgid voting-app@1.0.0
16 verbose cwd /home/erdem/Documents/Web development/freeCodeCamp/back-end/dynamic-web-applications-projects/voting-app
17 error Linux 4.10.0-42-generic
18 error argv "/usr/bin/node" "/usr/bin/npm" "run" "develop"
19 error node v6.12.3
20 error npm  v3.10.10
21 error code ELIFECYCLE
22 error voting-app@1.0.0 develop: `gulp serve`
22 error Exit status 1
23 error Failed at the voting-app@1.0.0 develop script 'gulp serve'.
23 error Make sure you have the latest version of node.js and npm installed.
23 error If you do, this is most likely a problem with the voting-app package,
23 error not with npm itself.
23 error Tell the author that this fails on your system:
23 error     gulp serve
23 error You can get information on how to open an issue for this project with:
23 error     npm bugs voting-app
23 error Or if that isn't available, you can get their info via:
23 error     npm owner ls voting-app
23 error There is likely additional logging output above.
24 verbose exit [ 1, true ]
